Command line:
   PCINC_tb_isim_beh.exe
     -simmode  gui
     -simrunnum  0
     -socket  63079

Thu Apr 22 11:13:15 2021


 Elaboration Time: 0.0625 sec

 Current Memory Usage: 5167.95 Meg

 Total Signals          : 4
 Total Nets             : 16
 Total Signal Drivers   : 2
 Total Blocks           : 5
 Total Primitive Blocks : 4
 Total Processes        : 2
 Total Traceable Variables  : 10
 Total Scalar Nets and Variables : 394
Total Line Count : 10

 Total Simulation Time: 0.171875 sec

 Current Memory Usage: 5010.67 Meg

Thu Apr 22 11:30:58 2021

