Command line:
   or_tb_isim_beh.exe
     -simmode  gui
     -simrunnum  0
     -socket  64136

Thu Apr 22 13:16:26 2021


 Elaboration Time: 0.109375 sec

 Current Memory Usage: 5167.83 Meg

 Total Signals          : 4
 Total Nets             : 9
 Total Signal Drivers   : 2
 Total Blocks           : 3
 Total Primitive Blocks : 2
 Total Processes        : 2
 Total Traceable Variables  : 8
 Total Scalar Nets and Variables : 369
Total Line Count : 9

 Total Simulation Time: 0.40625 sec

 Current Memory Usage: 5482.4 Meg

Thu Apr 22 13:17:10 2021

